[2025-01-23 10:21:47,730] 24 root - INFO - Data Ingestion Started
[2025-01-23 10:21:47,822] 30 root - INFO - Succesfully read the data from csv
[2025-01-23 10:21:48,138] 34 root - INFO - Succesfully save the  raw data to the artifacts folder
[2025-01-23 10:21:48,139] 37 root - INFO - Train test split started
[2025-01-23 10:21:48,147] 39 root - INFO - Successfully  split the data into  train and test
[2025-01-23 10:21:48,455] 44 root - INFO - Succeasfully save train and test data to the  artifacts
[2025-01-23 10:21:48,455] 47 root - INFO - DataIngestion completed
[2025-01-23 10:21:48,456] 25 root - INFO - Data transformation process initialized
[2025-01-23 10:21:48,456] 43 root - INFO - Starting data transformation
[2025-01-23 10:21:48,567] 48 root - INFO - Successfully loaded train and test data.
[2025-01-23 10:21:48,598] 49 root - INFO - Train DataFrame head:
      ID  LIMIT_BAL  SEX  EDUCATION  MARRIAGE  AGE  PAY_0  ...  PAY_AMT1  PAY_AMT2  PAY_AMT3  PAY_AMT4  PAY_AMT5  PAY_AMT6  default.payment.next.month
0  21178   300000.0    1          3         2   31      0  ...    4000.0    4000.0    4100.0    3300.0    3500.0    3500.0                           0
1  23943    20000.0    1          2         2   24      0  ...    1313.0    2110.0    4000.0    6000.0    4000.0     174.0                           0
2   1248    90000.0    2          2         2   35     -1  ...    2667.0       0.0       0.0       0.0       0.0       0.0                           0
3  23623   300000.0    2          2         1   40      1  ...       0.0       0.0       0.0       0.0       0.0       0.0                           0
4  28455    70000.0    2          2         2   36      0  ...    3340.0    2044.0    1773.0    1181.0    1215.0    1297.0                           1

[5 rows x 25 columns]
[2025-01-23 10:21:48,620] 50 root - INFO - Test DataFrame head:
      ID  LIMIT_BAL  SEX  EDUCATION  MARRIAGE  AGE  PAY_0  ...  PAY_AMT1  PAY_AMT2  PAY_AMT3  PAY_AMT4  PAY_AMT5  PAY_AMT6  default.payment.next.month
0   2309    30000.0    1          2         2   25      0  ...    1500.0    2000.0    1500.0    1500.0    1500.0    2000.0                           0
1  22405   150000.0    2          1         2   26      0  ...    4486.0    4235.0    3161.0    2647.0    2669.0    2669.0                           0
2  23398    70000.0    2          3         1   32      0  ...    2431.0    3112.0    3000.0    2438.0    2500.0    2554.0                           0
3  25059   130000.0    1          3         2   49      0  ...    1610.0    1808.0    7014.0      27.0    7011.0    4408.0                           0
4   2665    50000.0    2          2         2   36      0  ...    2000.0    1500.0    1000.0    1800.0       0.0    1000.0                           1

[5 rows x 25 columns]
[2025-01-23 10:21:48,621] 51 root - INFO - Data types:
ID                              int64
LIMIT_BAL                     float64
SEX                             int64
EDUCATION                       int64
MARRIAGE                        int64
AGE                             int64
PAY_0                           int64
PAY_2                           int64
PAY_3                           int64
PAY_4                           int64
PAY_5                           int64
PAY_6                           int64
BILL_AMT1                     float64
BILL_AMT2                     float64
BILL_AMT3                     float64
BILL_AMT4                     float64
BILL_AMT5                     float64
BILL_AMT6                     float64
PAY_AMT1                      float64
PAY_AMT2                      float64
PAY_AMT3                      float64
PAY_AMT4                      float64
PAY_AMT5                      float64
PAY_AMT6                      float64
default.payment.next.month      int64
dtype: object
[2025-01-23 10:21:48,624] 29 root - INFO - Creating preprocessing object for numeric data.
[2025-01-23 10:21:48,624] 34 root - INFO - Preprocessing object created successfully.
[2025-01-23 10:21:48,644] 74 root - INFO - Applying SMOTE to balance the training dataset.
[2025-01-23 10:21:49,078] 77 root - INFO - Successfully applied SMOTE.
[2025-01-23 10:21:49,088] 93 root - INFO - Preprocessor object saved successfully.
